<?xml version="1.0" encoding="UTF-8"?><testsuite errors="0" failures="1" name="Testing petstore.swagger.io services related to store services" skipped="0" tests="1" time="9.82" timestamp="2018-08-10 11:11:31"><testcase name=""><failure message="The status code is incorrect, something in the operation went wrong expected:&lt;200&gt; but was:&lt;404&gt;" type="java.lang.AssertionError">The status code is incorrect, something in the operation went wrong expected:&lt;200&gt; but was:&lt;404&gt;</failure><system-err>The status code is incorrect, something in the operation went wrong expected:&lt;200&gt; but was:&lt;404&gt;&#13;
com.adidas.serenitySteps.storeSteps.StoreExampleSteps.checkStatusCode(StoreExampleSteps.java:39)&#13;
com.adidas.gherkinDefinitions.storeDefinitions.StoreExampleDefinitions.iShouldGetExpectedStatusCodeStatusStoreCode(StoreExampleDefinitions.java:67)&#13;
âœ½.I should get 200 status store code(src/test/resources/features/store/store.feature:25)&#13;
</system-err></testcase></testsuite>