<?xml version="1.0" encoding="UTF-8"?><testsuite errors="1" failures="0" name="Testing petstore.swagger.io services related to user services" skipped="0" tests="1" time="6.39" timestamp="2018-08-10 01:37:57"><testcase name=""><error type="java.lang.NullPointerException"/><system-err>null&#13;
com.adidas.serenitySteps.userSteps.UserExampleSteps.checkStatusCode(UserExampleSteps.java:43)&#13;
com.adidas.gherkinDefinitions.userDefinitions.UserExampleDefinitions.iShouldGetExpectedStatusCodeStatusStoreCode(UserExampleDefinitions.java:75)&#13;
✽.I should get 200 status user code(src/test/resources/features/user/user.feature:7)&#13;
</system-err></testcase></testsuite>